{"C:\\Users\\Lenovo\\Documents\\Scanned Documents\\Documents\\phase2\\IP-HCK69\\server\\app.js": {"path":"C:\\Users\\Lenovo\\Documents\\Scanned Documents\\Documents\\phase2\\IP-HCK69\\server\\app.js","statementMap":{"0":{"start":{"line":1,"column":0},"end":{"line":4,"column":1}},"1":{"start":{"line":3,"column":1},"end":{"line":3,"column":28}},"2":{"start":{"line":5,"column":13},"end":{"line":5,"column":28}},"3":{"start":{"line":6,"column":16},"end":{"line":6,"column":34}},"4":{"start":{"line":7,"column":12},"end":{"line":7,"column":21}},"5":{"start":{"line":8,"column":15},"end":{"line":8,"column":35}},"6":{"start":{"line":10,"column":0},"end":{"line":10,"column":23}},"7":{"start":{"line":11,"column":0},"end":{"line":11,"column":47}},"8":{"start":{"line":12,"column":0},"end":{"line":12,"column":16}},"9":{"start":{"line":13,"column":0},"end":{"line":13,"column":33}},"10":{"start":{"line":14,"column":0},"end":{"line":14,"column":21}},"11":{"start":{"line":16,"column":0},"end":{"line":16,"column":21}}},"fnMap":{},"branchMap":{"0":{"loc":{"start":{"line":1,"column":0},"end":{"line":4,"column":1}},"type":"if","locations":[{"start":{"line":1,"column":0},"end":{"line":4,"column":1}},{"start":{},"end":{}}],"line":1}},"s":{"0":3,"1":3,"2":3,"3":3,"4":3,"5":3,"6":3,"7":3,"8":3,"9":3,"10":3,"11":3},"f":{},"b":{"0":[3,0]},"_coverageSchema":"1a1c01bbd47fc00a2c39e90264f33305004495a9","hash":"1c5a1566827fa38c0ac8640945ca3e15b372d5d0"}
,"C:\\Users\\Lenovo\\Documents\\Scanned Documents\\Documents\\phase2\\IP-HCK69\\server\\controllers\\CategoryController.js": {"path":"C:\\Users\\Lenovo\\Documents\\Scanned Documents\\Documents\\phase2\\IP-HCK69\\server\\controllers\\CategoryController.js","statementMap":{"0":{"start":{"line":1,"column":21},"end":{"line":1,"column":41}},"1":{"start":{"line":6,"column":4},"end":{"line":15,"column":5}},"2":{"start":{"line":7,"column":28},"end":{"line":11,"column":8}},"3":{"start":{"line":12,"column":6},"end":{"line":12,"column":42}},"4":{"start":{"line":14,"column":6},"end":{"line":14,"column":18}},"5":{"start":{"line":19,"column":4},"end":{"line":28,"column":5}},"6":{"start":{"line":20,"column":28},"end":{"line":24,"column":8}},"7":{"start":{"line":25,"column":6},"end":{"line":25,"column":42}},"8":{"start":{"line":27,"column":6},"end":{"line":27,"column":18}},"9":{"start":{"line":31,"column":4},"end":{"line":36,"column":5}},"10":{"start":{"line":32,"column":6},"end":{"line":32,"column":38}},"11":{"start":{"line":33,"column":6},"end":{"line":33,"column":81}},"12":{"start":{"line":35,"column":6},"end":{"line":35,"column":18}},"13":{"start":{"line":39,"column":4},"end":{"line":48,"column":5}},"14":{"start":{"line":40,"column":21},"end":{"line":40,"column":31}},"15":{"start":{"line":41,"column":28},"end":{"line":41,"column":55}},"16":{"start":{"line":42,"column":6},"end":{"line":42,"column":53}},"17":{"start":{"line":42,"column":26},"end":{"line":42,"column":53}},"18":{"start":{"line":44,"column":6},"end":{"line":44,"column":62}},"19":{"start":{"line":45,"column":6},"end":{"line":45,"column":83}},"20":{"start":{"line":47,"column":6},"end":{"line":47,"column":18}},"21":{"start":{"line":51,"column":4},"end":{"line":60,"column":5}},"22":{"start":{"line":52,"column":21},"end":{"line":52,"column":31}},"23":{"start":{"line":53,"column":28},"end":{"line":53,"column":55}},"24":{"start":{"line":54,"column":6},"end":{"line":54,"column":53}},"25":{"start":{"line":54,"column":26},"end":{"line":54,"column":53}},"26":{"start":{"line":56,"column":6},"end":{"line":56,"column":53}},"27":{"start":{"line":57,"column":6},"end":{"line":57,"column":79}},"28":{"start":{"line":59,"column":6},"end":{"line":59,"column":18}},"29":{"start":{"line":64,"column":0},"end":{"line":64,"column":36}}},"fnMap":{"0":{"name":"(anonymous_0)","decl":{"start":{"line":5,"column":2},"end":{"line":5,"column":3}},"loc":{"start":{"line":5,"column":43},"end":{"line":16,"column":3}},"line":5},"1":{"name":"(anonymous_1)","decl":{"start":{"line":18,"column":2},"end":{"line":18,"column":3}},"loc":{"start":{"line":18,"column":39},"end":{"line":29,"column":3}},"line":18},"2":{"name":"(anonymous_2)","decl":{"start":{"line":30,"column":2},"end":{"line":30,"column":3}},"loc":{"start":{"line":30,"column":35},"end":{"line":37,"column":3}},"line":30},"3":{"name":"(anonymous_3)","decl":{"start":{"line":38,"column":2},"end":{"line":38,"column":3}},"loc":{"start":{"line":38,"column":38},"end":{"line":49,"column":3}},"line":38},"4":{"name":"(anonymous_4)","decl":{"start":{"line":50,"column":2},"end":{"line":50,"column":3}},"loc":{"start":{"line":50,"column":38},"end":{"line":61,"column":3}},"line":50}},"branchMap":{"0":{"loc":{"start":{"line":42,"column":6},"end":{"line":42,"column":53}},"type":"if","locations":[{"start":{"line":42,"column":6},"end":{"line":42,"column":53}},{"start":{},"end":{}}],"line":42},"1":{"loc":{"start":{"line":54,"column":6},"end":{"line":54,"column":53}},"type":"if","locations":[{"start":{"line":54,"column":6},"end":{"line":54,"column":53}},{"start":{},"end":{}}],"line":54}},"s":{"0":3,"1":1,"2":1,"3":1,"4":0,"5":1,"6":1,"7":1,"8":0,"9":2,"10":2,"11":1,"12":1,"13":2,"14":2,"15":2,"16":2,"17":1,"18":1,"19":1,"20":1,"21":2,"22":2,"23":2,"24":2,"25":1,"26":1,"27":1,"28":1,"29":3},"f":{"0":1,"1":1,"2":2,"3":2,"4":2},"b":{"0":[1,1],"1":[1,1]},"_coverageSchema":"1a1c01bbd47fc00a2c39e90264f33305004495a9","hash":"7af1041fc98e2112329980fe39268bbdde988854"}
,"C:\\Users\\Lenovo\\Documents\\Scanned Documents\\Documents\\phase2\\IP-HCK69\\server\\controllers\\ShoesController.js": {"path":"C:\\Users\\Lenovo\\Documents\\Scanned Documents\\Documents\\phase2\\IP-HCK69\\server\\controllers\\ShoesController.js","statementMap":{"0":{"start":{"line":1,"column":15},"end":{"line":1,"column":35}},"1":{"start":{"line":2,"column":34},"end":{"line":2,"column":54}},"2":{"start":{"line":3,"column":23},"end":{"line":3,"column":49}},"3":{"start":{"line":4,"column":17},"end":{"line":4,"column":36}},"4":{"start":{"line":6,"column":15},"end":{"line":10,"column":2}},"5":{"start":{"line":15,"column":4},"end":{"line":34,"column":5}},"6":{"start":{"line":16,"column":18},"end":{"line":16,"column":27}},"7":{"start":{"line":17,"column":19},"end":{"line":28,"column":7}},"8":{"start":{"line":29,"column":6},"end":{"line":29,"column":59}},"9":{"start":{"line":29,"column":13},"end":{"line":29,"column":59}},"10":{"start":{"line":30,"column":25},"end":{"line":30,"column":52}},"11":{"start":{"line":31,"column":6},"end":{"line":31,"column":39}},"12":{"start":{"line":33,"column":6},"end":{"line":33,"column":18}},"13":{"start":{"line":38,"column":4},"end":{"line":57,"column":5}},"14":{"start":{"line":39,"column":18},"end":{"line":39,"column":27}},"15":{"start":{"line":40,"column":19},"end":{"line":51,"column":7}},"16":{"start":{"line":52,"column":6},"end":{"line":52,"column":59}},"17":{"start":{"line":52,"column":13},"end":{"line":52,"column":59}},"18":{"start":{"line":53,"column":25},"end":{"line":53,"column":52}},"19":{"start":{"line":54,"column":6},"end":{"line":54,"column":39}},"20":{"start":{"line":56,"column":6},"end":{"line":56,"column":18}},"21":{"start":{"line":60,"column":4},"end":{"line":68,"column":5}},"22":{"start":{"line":61,"column":21},"end":{"line":61,"column":31}},"23":{"start":{"line":62,"column":25},"end":{"line":62,"column":49}},"24":{"start":{"line":63,"column":6},"end":{"line":63,"column":54}},"25":{"start":{"line":63,"column":23},"end":{"line":63,"column":54}},"26":{"start":{"line":65,"column":6},"end":{"line":65,"column":39}},"27":{"start":{"line":67,"column":6},"end":{"line":67,"column":18}},"28":{"start":{"line":71,"column":4},"end":{"line":96,"column":5}},"29":{"start":{"line":72,"column":6},"end":{"line":72,"column":36}},"30":{"start":{"line":73,"column":21},"end":{"line":73,"column":24}},"31":{"start":{"line":74,"column":6},"end":{"line":74,"column":46}},"32":{"start":{"line":74,"column":17},"end":{"line":74,"column":46}},"33":{"start":{"line":75,"column":22},"end":{"line":75,"column":52}},"34":{"start":{"line":76,"column":21},"end":{"line":76,"column":64}},"35":{"start":{"line":78,"column":21},"end":{"line":88,"column":8}},"36":{"start":{"line":89,"column":6},"end":{"line":89,"column":34}},"37":{"start":{"line":90,"column":6},"end":{"line":90,"column":35}},"38":{"start":{"line":91,"column":6},"end":{"line":93,"column":70}},"39":{"start":{"line":95,"column":6},"end":{"line":95,"column":18}},"40":{"start":{"line":99,"column":4},"end":{"line":127,"column":5}},"41":{"start":{"line":100,"column":21},"end":{"line":100,"column":31}},"42":{"start":{"line":101,"column":24},"end":{"line":101,"column":48}},"43":{"start":{"line":102,"column":6},"end":{"line":102,"column":53}},"44":{"start":{"line":102,"column":22},"end":{"line":102,"column":53}},"45":{"start":{"line":104,"column":21},"end":{"line":104,"column":24}},"46":{"start":{"line":105,"column":6},"end":{"line":105,"column":46}},"47":{"start":{"line":105,"column":17},"end":{"line":105,"column":46}},"48":{"start":{"line":106,"column":22},"end":{"line":106,"column":52}},"49":{"start":{"line":107,"column":21},"end":{"line":107,"column":64}},"50":{"start":{"line":109,"column":21},"end":{"line":119,"column":8}},"51":{"start":{"line":120,"column":6},"end":{"line":120,"column":34}},"52":{"start":{"line":121,"column":6},"end":{"line":121,"column":58}},"53":{"start":{"line":122,"column":6},"end":{"line":124,"column":72}},"54":{"start":{"line":126,"column":6},"end":{"line":126,"column":18}},"55":{"start":{"line":130,"column":4},"end":{"line":139,"column":5}},"56":{"start":{"line":131,"column":21},"end":{"line":131,"column":31}},"57":{"start":{"line":132,"column":24},"end":{"line":132,"column":48}},"58":{"start":{"line":133,"column":6},"end":{"line":133,"column":53}},"59":{"start":{"line":133,"column":22},"end":{"line":133,"column":53}},"60":{"start":{"line":135,"column":6},"end":{"line":135,"column":49}},"61":{"start":{"line":136,"column":6},"end":{"line":136,"column":80}},"62":{"start":{"line":138,"column":6},"end":{"line":138,"column":18}},"63":{"start":{"line":142,"column":4},"end":{"line":169,"column":5}},"64":{"start":{"line":143,"column":19},"end":{"line":143,"column":51}},"65":{"start":{"line":144,"column":6},"end":{"line":144,"column":48}},"66":{"start":{"line":144,"column":17},"end":{"line":144,"column":48}},"67":{"start":{"line":146,"column":17},"end":{"line":150,"column":8}},"68":{"start":{"line":152,"column":22},"end":{"line":163,"column":7}},"69":{"start":{"line":165,"column":28},"end":{"line":165,"column":67}},"70":{"start":{"line":166,"column":6},"end":{"line":166,"column":46}},"71":{"start":{"line":168,"column":6},"end":{"line":168,"column":18}},"72":{"start":{"line":173,"column":0},"end":{"line":173,"column":33}}},"fnMap":{"0":{"name":"(anonymous_0)","decl":{"start":{"line":14,"column":2},"end":{"line":14,"column":3}},"loc":{"start":{"line":14,"column":43},"end":{"line":35,"column":3}},"line":14},"1":{"name":"(anonymous_1)","decl":{"start":{"line":37,"column":2},"end":{"line":37,"column":3}},"loc":{"start":{"line":37,"column":39},"end":{"line":58,"column":3}},"line":37},"2":{"name":"(anonymous_2)","decl":{"start":{"line":59,"column":2},"end":{"line":59,"column":3}},"loc":{"start":{"line":59,"column":39},"end":{"line":69,"column":3}},"line":59},"3":{"name":"(anonymous_3)","decl":{"start":{"line":70,"column":2},"end":{"line":70,"column":3}},"loc":{"start":{"line":70,"column":35},"end":{"line":97,"column":3}},"line":70},"4":{"name":"(anonymous_4)","decl":{"start":{"line":98,"column":2},"end":{"line":98,"column":3}},"loc":{"start":{"line":98,"column":38},"end":{"line":128,"column":3}},"line":98},"5":{"name":"(anonymous_5)","decl":{"start":{"line":129,"column":2},"end":{"line":129,"column":3}},"loc":{"start":{"line":129,"column":38},"end":{"line":140,"column":3}},"line":129},"6":{"name":"(anonymous_6)","decl":{"start":{"line":141,"column":2},"end":{"line":141,"column":3}},"loc":{"start":{"line":141,"column":45},"end":{"line":170,"column":3}},"line":141}},"branchMap":{"0":{"loc":{"start":{"line":29,"column":6},"end":{"line":29,"column":59}},"type":"if","locations":[{"start":{"line":29,"column":6},"end":{"line":29,"column":59}},{"start":{},"end":{}}],"line":29},"1":{"loc":{"start":{"line":52,"column":6},"end":{"line":52,"column":59}},"type":"if","locations":[{"start":{"line":52,"column":6},"end":{"line":52,"column":59}},{"start":{},"end":{}}],"line":52},"2":{"loc":{"start":{"line":63,"column":6},"end":{"line":63,"column":54}},"type":"if","locations":[{"start":{"line":63,"column":6},"end":{"line":63,"column":54}},{"start":{},"end":{}}],"line":63},"3":{"loc":{"start":{"line":74,"column":6},"end":{"line":74,"column":46}},"type":"if","locations":[{"start":{"line":74,"column":6},"end":{"line":74,"column":46}},{"start":{},"end":{}}],"line":74},"4":{"loc":{"start":{"line":102,"column":6},"end":{"line":102,"column":53}},"type":"if","locations":[{"start":{"line":102,"column":6},"end":{"line":102,"column":53}},{"start":{},"end":{}}],"line":102},"5":{"loc":{"start":{"line":105,"column":6},"end":{"line":105,"column":46}},"type":"if","locations":[{"start":{"line":105,"column":6},"end":{"line":105,"column":46}},{"start":{},"end":{}}],"line":105},"6":{"loc":{"start":{"line":133,"column":6},"end":{"line":133,"column":53}},"type":"if","locations":[{"start":{"line":133,"column":6},"end":{"line":133,"column":53}},{"start":{},"end":{}}],"line":133},"7":{"loc":{"start":{"line":144,"column":6},"end":{"line":144,"column":48}},"type":"if","locations":[{"start":{"line":144,"column":6},"end":{"line":144,"column":48}},{"start":{},"end":{}}],"line":144}},"s":{"0":3,"1":3,"2":3,"3":3,"4":3,"5":0,"6":0,"7":0,"8":0,"9":0,"10":0,"11":0,"12":0,"13":1,"14":1,"15":1,"16":1,"17":0,"18":1,"19":1,"20":0,"21":1,"22":1,"23":1,"24":1,"25":0,"26":1,"27":0,"28":1,"29":1,"30":1,"31":1,"32":1,"33":0,"34":0,"35":0,"36":0,"37":0,"38":0,"39":1,"40":1,"41":1,"42":1,"43":1,"44":0,"45":1,"46":1,"47":1,"48":0,"49":0,"50":0,"51":0,"52":0,"53":0,"54":1,"55":1,"56":1,"57":1,"58":1,"59":0,"60":1,"61":1,"62":0,"63":1,"64":1,"65":1,"66":0,"67":1,"68":1,"69":1,"70":1,"71":0,"72":3},"f":{"0":0,"1":1,"2":1,"3":1,"4":1,"5":1,"6":1},"b":{"0":[0,0],"1":[0,1],"2":[0,1],"3":[1,0],"4":[0,1],"5":[1,0],"6":[0,1],"7":[0,1]},"_coverageSchema":"1a1c01bbd47fc00a2c39e90264f33305004495a9","hash":"4eea724d7553c26eae8294895189978367b2af87"}
,"C:\\Users\\Lenovo\\Documents\\Scanned Documents\\Documents\\phase2\\IP-HCK69\\server\\controllers\\UserController.js": {"path":"C:\\Users\\Lenovo\\Documents\\Scanned Documents\\Documents\\phase2\\IP-HCK69\\server\\controllers\\UserController.js","statementMap":{"0":{"start":{"line":1,"column":23},"end":{"line":1,"column":53}},"1":{"start":{"line":2,"column":15},"end":{"line":2,"column":33}},"2":{"start":{"line":3,"column":15},"end":{"line":3,"column":35}},"3":{"start":{"line":4,"column":22},"end":{"line":4,"column":47}},"4":{"start":{"line":5,"column":42},"end":{"line":5,"column":70}},"5":{"start":{"line":10,"column":8},"end":{"line":17,"column":9}},"6":{"start":{"line":11,"column":71},"end":{"line":11,"column":79}},"7":{"start":{"line":12,"column":12},"end":{"line":12,"column":106}},"8":{"start":{"line":13,"column":12},"end":{"line":13,"column":76}},"9":{"start":{"line":15,"column":12},"end":{"line":15,"column":23}},"10":{"start":{"line":16,"column":12},"end":{"line":16,"column":31}},"11":{"start":{"line":20,"column":7},"end":{"line":33,"column":8}},"12":{"start":{"line":21,"column":38},"end":{"line":21,"column":46}},"13":{"start":{"line":22,"column":12},"end":{"line":22,"column":52}},"14":{"start":{"line":22,"column":23},"end":{"line":22,"column":52}},"15":{"start":{"line":23,"column":12},"end":{"line":23,"column":58}},"16":{"start":{"line":23,"column":26},"end":{"line":23,"column":58}},"17":{"start":{"line":24,"column":31},"end":{"line":24,"column":68}},"18":{"start":{"line":25,"column":12},"end":{"line":25,"column":56}},"19":{"start":{"line":25,"column":28},"end":{"line":25,"column":56}},"20":{"start":{"line":26,"column":34},"end":{"line":26,"column":80}},"21":{"start":{"line":27,"column":12},"end":{"line":27,"column":59}},"22":{"start":{"line":27,"column":31},"end":{"line":27,"column":59}},"23":{"start":{"line":28,"column":28},"end":{"line":28,"column":47}},"24":{"start":{"line":29,"column":33},"end":{"line":29,"column":51}},"25":{"start":{"line":30,"column":12},"end":{"line":30,"column":93}},"26":{"start":{"line":32,"column":12},"end":{"line":32,"column":23}},"27":{"start":{"line":36,"column":8},"end":{"line":56,"column":9}},"28":{"start":{"line":37,"column":35},"end":{"line":37,"column":46}},"29":{"start":{"line":38,"column":27},"end":{"line":43,"column":14}},"30":{"start":{"line":44,"column":28},"end":{"line":44,"column":47}},"31":{"start":{"line":48,"column":36},"end":{"line":48,"column":192}},"32":{"start":{"line":50,"column":33},"end":{"line":50,"column":76}},"33":{"start":{"line":52,"column":12},"end":{"line":52,"column":48}},"34":{"start":{"line":54,"column":12},"end":{"line":54,"column":31}},"35":{"start":{"line":55,"column":12},"end":{"line":55,"column":23}},"36":{"start":{"line":60,"column":0},"end":{"line":60,"column":31}}},"fnMap":{"0":{"name":"(anonymous_0)","decl":{"start":{"line":9,"column":4},"end":{"line":9,"column":5}},"loc":{"start":{"line":9,"column":44},"end":{"line":18,"column":5}},"line":9},"1":{"name":"(anonymous_1)","decl":{"start":{"line":19,"column":4},"end":{"line":19,"column":5}},"loc":{"start":{"line":19,"column":40},"end":{"line":34,"column":5}},"line":19},"2":{"name":"(anonymous_2)","decl":{"start":{"line":35,"column":4},"end":{"line":35,"column":5}},"loc":{"start":{"line":35,"column":45},"end":{"line":57,"column":5}},"line":35}},"branchMap":{"0":{"loc":{"start":{"line":22,"column":12},"end":{"line":22,"column":52}},"type":"if","locations":[{"start":{"line":22,"column":12},"end":{"line":22,"column":52}},{"start":{},"end":{}}],"line":22},"1":{"loc":{"start":{"line":23,"column":12},"end":{"line":23,"column":58}},"type":"if","locations":[{"start":{"line":23,"column":12},"end":{"line":23,"column":58}},{"start":{},"end":{}}],"line":23},"2":{"loc":{"start":{"line":25,"column":12},"end":{"line":25,"column":56}},"type":"if","locations":[{"start":{"line":25,"column":12},"end":{"line":25,"column":56}},{"start":{},"end":{}}],"line":25},"3":{"loc":{"start":{"line":27,"column":12},"end":{"line":27,"column":59}},"type":"if","locations":[{"start":{"line":27,"column":12},"end":{"line":27,"column":59}},{"start":{},"end":{}}],"line":27}},"s":{"0":3,"1":3,"2":3,"3":3,"4":3,"5":3,"6":3,"7":3,"8":3,"9":0,"10":0,"11":5,"12":5,"13":5,"14":1,"15":4,"16":1,"17":3,"18":3,"19":1,"20":2,"21":2,"22":2,"23":0,"24":0,"25":0,"26":5,"27":1,"28":1,"29":1,"30":0,"31":0,"32":0,"33":0,"34":1,"35":1,"36":3},"f":{"0":3,"1":5,"2":1},"b":{"0":[1,4],"1":[1,3],"2":[1,2],"3":[2,0]},"_coverageSchema":"1a1c01bbd47fc00a2c39e90264f33305004495a9","hash":"02a7e2734fdcd308fb37a78092e56f7f7c4492e4"}
,"C:\\Users\\Lenovo\\Documents\\Scanned Documents\\Documents\\phase2\\IP-HCK69\\server\\helpers\\bcrypt.js": {"path":"C:\\Users\\Lenovo\\Documents\\Scanned Documents\\Documents\\phase2\\IP-HCK69\\server\\helpers\\bcrypt.js","statementMap":{"0":{"start":{"line":1,"column":15},"end":{"line":1,"column":34}},"1":{"start":{"line":3,"column":21},"end":{"line":5,"column":1}},"2":{"start":{"line":4,"column":1},"end":{"line":4,"column":58}},"3":{"start":{"line":7,"column":24},"end":{"line":9,"column":1}},"4":{"start":{"line":8,"column":1},"end":{"line":8,"column":43}},"5":{"start":{"line":11,"column":0},"end":{"line":14,"column":2}}},"fnMap":{"0":{"name":"(anonymous_0)","decl":{"start":{"line":3,"column":21},"end":{"line":3,"column":22}},"loc":{"start":{"line":3,"column":35},"end":{"line":5,"column":1}},"line":3},"1":{"name":"(anonymous_1)","decl":{"start":{"line":7,"column":24},"end":{"line":7,"column":25}},"loc":{"start":{"line":7,"column":44},"end":{"line":9,"column":1}},"line":7}},"branchMap":{},"s":{"0":3,"1":3,"2":3,"3":3,"4":2,"5":3},"f":{"0":3,"1":2},"b":{},"_coverageSchema":"1a1c01bbd47fc00a2c39e90264f33305004495a9","hash":"060a7bda17d5628c9c3148a8463b32635027c03b"}
,"C:\\Users\\Lenovo\\Documents\\Scanned Documents\\Documents\\phase2\\IP-HCK69\\server\\helpers\\jwt.js": {"path":"C:\\Users\\Lenovo\\Documents\\Scanned Documents\\Documents\\phase2\\IP-HCK69\\server\\helpers\\jwt.js","statementMap":{"0":{"start":{"line":1,"column":12},"end":{"line":1,"column":35}},"1":{"start":{"line":2,"column":15},"end":{"line":2,"column":33}},"2":{"start":{"line":4,"column":18},"end":{"line":6,"column":1}},"3":{"start":{"line":5,"column":4},"end":{"line":5,"column":36}},"4":{"start":{"line":8,"column":20},"end":{"line":10,"column":1}},"5":{"start":{"line":9,"column":4},"end":{"line":9,"column":36}},"6":{"start":{"line":12,"column":0},"end":{"line":12,"column":41}}},"fnMap":{"0":{"name":"(anonymous_0)","decl":{"start":{"line":4,"column":18},"end":{"line":4,"column":19}},"loc":{"start":{"line":4,"column":31},"end":{"line":6,"column":1}},"line":4},"1":{"name":"(anonymous_1)","decl":{"start":{"line":8,"column":20},"end":{"line":8,"column":21}},"loc":{"start":{"line":8,"column":31},"end":{"line":10,"column":1}},"line":8}},"branchMap":{},"s":{"0":3,"1":3,"2":3,"3":3,"4":3,"5":16,"6":3},"f":{"0":3,"1":16},"b":{},"_coverageSchema":"1a1c01bbd47fc00a2c39e90264f33305004495a9","hash":"84ce0687a846b424f0bf8a32c880b18333dffafa"}
,"C:\\Users\\Lenovo\\Documents\\Scanned Documents\\Documents\\phase2\\IP-HCK69\\server\\middleware\\authentication.js": {"path":"C:\\Users\\Lenovo\\Documents\\Scanned Documents\\Documents\\phase2\\IP-HCK69\\server\\middleware\\authentication.js","statementMap":{"0":{"start":{"line":1,"column":22},"end":{"line":1,"column":47}},"1":{"start":{"line":2,"column":15},"end":{"line":2,"column":35}},"2":{"start":{"line":4,"column":23},"end":{"line":19,"column":1}},"3":{"start":{"line":5,"column":4},"end":{"line":18,"column":5}},"4":{"start":{"line":6,"column":32},"end":{"line":6,"column":43}},"5":{"start":{"line":7,"column":8},"end":{"line":7,"column":55}},"6":{"start":{"line":7,"column":27},"end":{"line":7,"column":55}},"7":{"start":{"line":8,"column":30},"end":{"line":8,"column":54}},"8":{"start":{"line":9,"column":8},"end":{"line":9,"column":58}},"9":{"start":{"line":9,"column":30},"end":{"line":9,"column":58}},"10":{"start":{"line":10,"column":21},"end":{"line":10,"column":39}},"11":{"start":{"line":11,"column":21},"end":{"line":11,"column":44}},"12":{"start":{"line":12,"column":8},"end":{"line":12,"column":46}},"13":{"start":{"line":12,"column":18},"end":{"line":12,"column":46}},"14":{"start":{"line":14,"column":8},"end":{"line":14,"column":23}},"15":{"start":{"line":15,"column":8},"end":{"line":15,"column":14}},"16":{"start":{"line":17,"column":8},"end":{"line":17,"column":19}},"17":{"start":{"line":21,"column":0},"end":{"line":21,"column":33}}},"fnMap":{"0":{"name":"(anonymous_0)","decl":{"start":{"line":4,"column":23},"end":{"line":4,"column":24}},"loc":{"start":{"line":4,"column":49},"end":{"line":19,"column":1}},"line":4}},"branchMap":{"0":{"loc":{"start":{"line":7,"column":8},"end":{"line":7,"column":55}},"type":"if","locations":[{"start":{"line":7,"column":8},"end":{"line":7,"column":55}},{"start":{},"end":{}}],"line":7},"1":{"loc":{"start":{"line":9,"column":8},"end":{"line":9,"column":58}},"type":"if","locations":[{"start":{"line":9,"column":8},"end":{"line":9,"column":58}},{"start":{},"end":{}}],"line":9},"2":{"loc":{"start":{"line":12,"column":8},"end":{"line":12,"column":46}},"type":"if","locations":[{"start":{"line":12,"column":8},"end":{"line":12,"column":46}},{"start":{},"end":{}}],"line":12}},"s":{"0":3,"1":3,"2":3,"3":25,"4":25,"5":25,"6":1,"7":24,"8":24,"9":8,"10":16,"11":16,"12":16,"13":0,"14":16,"15":16,"16":9,"17":3},"f":{"0":25},"b":{"0":[1,24],"1":[8,16],"2":[0,16]},"_coverageSchema":"1a1c01bbd47fc00a2c39e90264f33305004495a9","hash":"711e3c00248ba63e9080837c4a4a904b8dcb86f4"}
,"C:\\Users\\Lenovo\\Documents\\Scanned Documents\\Documents\\phase2\\IP-HCK69\\server\\middleware\\authorization.js": {"path":"C:\\Users\\Lenovo\\Documents\\Scanned Documents\\Documents\\phase2\\IP-HCK69\\server\\middleware\\authorization.js","statementMap":{"0":{"start":{"line":1,"column":18},"end":{"line":8,"column":1}},"1":{"start":{"line":2,"column":1},"end":{"line":7,"column":2}},"2":{"start":{"line":3,"column":2},"end":{"line":3,"column":61}},"3":{"start":{"line":3,"column":33},"end":{"line":3,"column":61}},"4":{"start":{"line":4,"column":2},"end":{"line":4,"column":9}},"5":{"start":{"line":6,"column":2},"end":{"line":6,"column":14}},"6":{"start":{"line":10,"column":0},"end":{"line":10,"column":31}}},"fnMap":{"0":{"name":"(anonymous_0)","decl":{"start":{"line":1,"column":18},"end":{"line":1,"column":19}},"loc":{"start":{"line":1,"column":44},"end":{"line":8,"column":1}},"line":1}},"branchMap":{"0":{"loc":{"start":{"line":3,"column":2},"end":{"line":3,"column":61}},"type":"if","locations":[{"start":{"line":3,"column":2},"end":{"line":3,"column":61}},{"start":{},"end":{}}],"line":3}},"s":{"0":3,"1":12,"2":12,"3":3,"4":9,"5":3,"6":3},"f":{"0":12},"b":{"0":[3,9]},"_coverageSchema":"1a1c01bbd47fc00a2c39e90264f33305004495a9","hash":"5731dbf6097a67a4328cb22635dc2d726501a7bb"}
,"C:\\Users\\Lenovo\\Documents\\Scanned Documents\\Documents\\phase2\\IP-HCK69\\server\\middleware\\errorHandler.js": {"path":"C:\\Users\\Lenovo\\Documents\\Scanned Documents\\Documents\\phase2\\IP-HCK69\\server\\middleware\\errorHandler.js","statementMap":{"0":{"start":{"line":1,"column":21},"end":{"line":41,"column":1}},"1":{"start":{"line":2,"column":4},"end":{"line":40,"column":5}},"2":{"start":{"line":4,"column":12},"end":{"line":4,"column":66}},"3":{"start":{"line":5,"column":12},"end":{"line":5,"column":18}},"4":{"start":{"line":7,"column":12},"end":{"line":7,"column":66}},"5":{"start":{"line":8,"column":12},"end":{"line":8,"column":18}},"6":{"start":{"line":10,"column":12},"end":{"line":10,"column":70}},"7":{"start":{"line":11,"column":12},"end":{"line":11,"column":18}},"8":{"start":{"line":13,"column":12},"end":{"line":13,"column":73}},"9":{"start":{"line":14,"column":12},"end":{"line":14,"column":18}},"10":{"start":{"line":16,"column":12},"end":{"line":16,"column":69}},"11":{"start":{"line":17,"column":12},"end":{"line":17,"column":18}},"12":{"start":{"line":19,"column":12},"end":{"line":19,"column":62}},"13":{"start":{"line":20,"column":12},"end":{"line":20,"column":18}},"14":{"start":{"line":22,"column":12},"end":{"line":22,"column":60}},"15":{"start":{"line":23,"column":12},"end":{"line":23,"column":18}},"16":{"start":{"line":25,"column":12},"end":{"line":25,"column":72}},"17":{"start":{"line":26,"column":12},"end":{"line":26,"column":18}},"18":{"start":{"line":28,"column":3},"end":{"line":28,"column":60}},"19":{"start":{"line":29,"column":3},"end":{"line":29,"column":9}},"20":{"start":{"line":31,"column":12},"end":{"line":31,"column":60}},"21":{"start":{"line":32,"column":12},"end":{"line":32,"column":18}},"22":{"start":{"line":34,"column":12},"end":{"line":34,"column":56}},"23":{"start":{"line":35,"column":12},"end":{"line":35,"column":18}},"24":{"start":{"line":38,"column":12},"end":{"line":38,"column":68}},"25":{"start":{"line":39,"column":12},"end":{"line":39,"column":18}},"26":{"start":{"line":42,"column":0},"end":{"line":42,"column":29}}},"fnMap":{"0":{"name":"(anonymous_0)","decl":{"start":{"line":1,"column":21},"end":{"line":1,"column":22}},"loc":{"start":{"line":1,"column":46},"end":{"line":41,"column":1}},"line":1}},"branchMap":{"0":{"loc":{"start":{"line":2,"column":4},"end":{"line":40,"column":5}},"type":"switch","locations":[{"start":{"line":3,"column":8},"end":{"line":5,"column":18}},{"start":{"line":6,"column":8},"end":{"line":8,"column":18}},{"start":{"line":9,"column":8},"end":{"line":11,"column":18}},{"start":{"line":12,"column":8},"end":{"line":14,"column":18}},{"start":{"line":15,"column":8},"end":{"line":17,"column":18}},{"start":{"line":18,"column":8},"end":{"line":20,"column":18}},{"start":{"line":21,"column":8},"end":{"line":23,"column":18}},{"start":{"line":24,"column":8},"end":{"line":26,"column":18}},{"start":{"line":27,"column":8},"end":{"line":29,"column":9}},{"start":{"line":30,"column":8},"end":{"line":32,"column":18}},{"start":{"line":33,"column":8},"end":{"line":35,"column":18}},{"start":{"line":37,"column":8},"end":{"line":39,"column":18}}],"line":2}},"s":{"0":3,"1":23,"2":0,"3":0,"4":1,"5":1,"6":1,"7":1,"8":1,"9":1,"10":3,"11":3,"12":2,"13":2,"14":9,"15":9,"16":0,"17":0,"18":2,"19":2,"20":0,"21":0,"22":0,"23":0,"24":4,"25":4,"26":3},"f":{"0":23},"b":{"0":[0,1,1,1,3,2,9,0,2,0,0,4]},"_coverageSchema":"1a1c01bbd47fc00a2c39e90264f33305004495a9","hash":"2dc404812e396cf72f11b1e8b612114134530fca"}
,"C:\\Users\\Lenovo\\Documents\\Scanned Documents\\Documents\\phase2\\IP-HCK69\\server\\middleware\\upload.js": {"path":"C:\\Users\\Lenovo\\Documents\\Scanned Documents\\Documents\\phase2\\IP-HCK69\\server\\middleware\\upload.js","statementMap":{"0":{"start":{"line":1,"column":15},"end":{"line":1,"column":32}},"1":{"start":{"line":2,"column":15},"end":{"line":4,"column":2}},"2":{"start":{"line":6,"column":0},"end":{"line":6,"column":23}}},"fnMap":{},"branchMap":{},"s":{"0":3,"1":3,"2":3},"f":{},"b":{},"_coverageSchema":"1a1c01bbd47fc00a2c39e90264f33305004495a9","hash":"94f44a249b51832ea43e1ee065597286c81345f2"}
,"C:\\Users\\Lenovo\\Documents\\Scanned Documents\\Documents\\phase2\\IP-HCK69\\server\\models\\category.js": {"path":"C:\\Users\\Lenovo\\Documents\\Scanned Documents\\Documents\\phase2\\IP-HCK69\\server\\models\\category.js","statementMap":{"0":{"start":{"line":2,"column":18},"end":{"line":2,"column":38}},"1":{"start":{"line":3,"column":0},"end":{"line":36,"column":2}},"2":{"start":{"line":12,"column":6},"end":{"line":12,"column":37}},"3":{"start":{"line":15,"column":2},"end":{"line":34,"column":4}},"4":{"start":{"line":35,"column":2},"end":{"line":35,"column":18}}},"fnMap":{"0":{"name":"(anonymous_0)","decl":{"start":{"line":3,"column":17},"end":{"line":3,"column":18}},"loc":{"start":{"line":3,"column":43},"end":{"line":36,"column":1}},"line":3},"1":{"name":"(anonymous_1)","decl":{"start":{"line":10,"column":4},"end":{"line":10,"column":5}},"loc":{"start":{"line":10,"column":29},"end":{"line":13,"column":5}},"line":10}},"branchMap":{},"s":{"0":3,"1":3,"2":3,"3":3,"4":3},"f":{"0":3,"1":3},"b":{},"_coverageSchema":"1a1c01bbd47fc00a2c39e90264f33305004495a9","hash":"94d6cfe97bbe7e67da33a1f62497e20512609a54"}
,"C:\\Users\\Lenovo\\Documents\\Scanned Documents\\Documents\\phase2\\IP-HCK69\\server\\models\\index.js": {"path":"C:\\Users\\Lenovo\\Documents\\Scanned Documents\\Documents\\phase2\\IP-HCK69\\server\\models\\index.js","statementMap":{"0":{"start":{"line":3,"column":11},"end":{"line":3,"column":24}},"1":{"start":{"line":4,"column":13},"end":{"line":4,"column":28}},"2":{"start":{"line":5,"column":18},"end":{"line":5,"column":38}},"3":{"start":{"line":6,"column":16},"end":{"line":6,"column":34}},"4":{"start":{"line":7,"column":17},"end":{"line":7,"column":42}},"5":{"start":{"line":8,"column":12},"end":{"line":8,"column":49}},"6":{"start":{"line":9,"column":15},"end":{"line":9,"column":65}},"7":{"start":{"line":10,"column":11},"end":{"line":10,"column":13}},"8":{"start":{"line":13,"column":0},"end":{"line":17,"column":1}},"9":{"start":{"line":14,"column":2},"end":{"line":14,"column":74}},"10":{"start":{"line":16,"column":2},"end":{"line":16,"column":87}},"11":{"start":{"line":19,"column":0},"end":{"line":32,"column":5}},"12":{"start":{"line":22,"column":4},"end":{"line":27,"column":6}},"13":{"start":{"line":30,"column":18},"end":{"line":30,"column":85}},"14":{"start":{"line":31,"column":4},"end":{"line":31,"column":27}},"15":{"start":{"line":34,"column":0},"end":{"line":38,"column":3}},"16":{"start":{"line":35,"column":2},"end":{"line":37,"column":3}},"17":{"start":{"line":36,"column":4},"end":{"line":36,"column":32}},"18":{"start":{"line":40,"column":0},"end":{"line":40,"column":25}},"19":{"start":{"line":41,"column":0},"end":{"line":41,"column":25}},"20":{"start":{"line":43,"column":0},"end":{"line":43,"column":20}}},"fnMap":{"0":{"name":"(anonymous_0)","decl":{"start":{"line":21,"column":10},"end":{"line":21,"column":11}},"loc":{"start":{"line":21,"column":18},"end":{"line":28,"column":3}},"line":21},"1":{"name":"(anonymous_1)","decl":{"start":{"line":29,"column":11},"end":{"line":29,"column":12}},"loc":{"start":{"line":29,"column":19},"end":{"line":32,"column":3}},"line":29},"2":{"name":"(anonymous_2)","decl":{"start":{"line":34,"column":24},"end":{"line":34,"column":25}},"loc":{"start":{"line":34,"column":37},"end":{"line":38,"column":1}},"line":34}},"branchMap":{"0":{"loc":{"start":{"line":8,"column":12},"end":{"line":8,"column":49}},"type":"binary-expr","locations":[{"start":{"line":8,"column":12},"end":{"line":8,"column":32}},{"start":{"line":8,"column":36},"end":{"line":8,"column":49}}],"line":8},"1":{"loc":{"start":{"line":13,"column":0},"end":{"line":17,"column":1}},"type":"if","locations":[{"start":{"line":13,"column":0},"end":{"line":17,"column":1}},{"start":{"line":15,"column":7},"end":{"line":17,"column":1}}],"line":13},"2":{"loc":{"start":{"line":23,"column":6},"end":{"line":26,"column":37}},"type":"binary-expr","locations":[{"start":{"line":23,"column":6},"end":{"line":23,"column":29}},{"start":{"line":24,"column":6},"end":{"line":24,"column":23}},{"start":{"line":25,"column":6},"end":{"line":25,"column":30}},{"start":{"line":26,"column":6},"end":{"line":26,"column":37}}],"line":23},"3":{"loc":{"start":{"line":35,"column":2},"end":{"line":37,"column":3}},"type":"if","locations":[{"start":{"line":35,"column":2},"end":{"line":37,"column":3}},{"start":{},"end":{}}],"line":35}},"s":{"0":3,"1":3,"2":3,"3":3,"4":3,"5":3,"6":3,"7":3,"8":3,"9":0,"10":3,"11":3,"12":12,"13":9,"14":9,"15":3,"16":9,"17":9,"18":3,"19":3,"20":3},"f":{"0":12,"1":9,"2":9},"b":{"0":[3,0],"1":[0,3],"2":[12,12,9,9],"3":[9,0]},"_coverageSchema":"1a1c01bbd47fc00a2c39e90264f33305004495a9","hash":"2ad6a12b4b8389ecbeb5182b4938b57a24048960"}
,"C:\\Users\\Lenovo\\Documents\\Scanned Documents\\Documents\\phase2\\IP-HCK69\\server\\models\\shoes.js": {"path":"C:\\Users\\Lenovo\\Documents\\Scanned Documents\\Documents\\phase2\\IP-HCK69\\server\\models\\shoes.js","statementMap":{"0":{"start":{"line":2,"column":18},"end":{"line":2,"column":38}},"1":{"start":{"line":3,"column":0},"end":{"line":123,"column":2}},"2":{"start":{"line":12,"column":6},"end":{"line":12,"column":61}},"3":{"start":{"line":13,"column":6},"end":{"line":13,"column":69}},"4":{"start":{"line":16,"column":2},"end":{"line":121,"column":4}},"5":{"start":{"line":122,"column":2},"end":{"line":122,"column":15}}},"fnMap":{"0":{"name":"(anonymous_0)","decl":{"start":{"line":3,"column":17},"end":{"line":3,"column":18}},"loc":{"start":{"line":3,"column":43},"end":{"line":123,"column":1}},"line":3},"1":{"name":"(anonymous_1)","decl":{"start":{"line":10,"column":4},"end":{"line":10,"column":5}},"loc":{"start":{"line":10,"column":29},"end":{"line":14,"column":5}},"line":10}},"branchMap":{},"s":{"0":3,"1":3,"2":3,"3":3,"4":3,"5":3},"f":{"0":3,"1":3},"b":{},"_coverageSchema":"1a1c01bbd47fc00a2c39e90264f33305004495a9","hash":"00c1c318430e934390b63a33c5defb0b767c8f15"}
,"C:\\Users\\Lenovo\\Documents\\Scanned Documents\\Documents\\phase2\\IP-HCK69\\server\\models\\user.js": {"path":"C:\\Users\\Lenovo\\Documents\\Scanned Documents\\Documents\\phase2\\IP-HCK69\\server\\models\\user.js","statementMap":{"0":{"start":{"line":2,"column":18},"end":{"line":2,"column":38}},"1":{"start":{"line":3,"column":0},"end":{"line":50,"column":2}},"2":{"start":{"line":12,"column":6},"end":{"line":12,"column":33}},"3":{"start":{"line":15,"column":2},"end":{"line":48,"column":4}},"4":{"start":{"line":49,"column":2},"end":{"line":49,"column":14}}},"fnMap":{"0":{"name":"(anonymous_0)","decl":{"start":{"line":3,"column":17},"end":{"line":3,"column":18}},"loc":{"start":{"line":3,"column":43},"end":{"line":50,"column":1}},"line":3},"1":{"name":"(anonymous_1)","decl":{"start":{"line":10,"column":4},"end":{"line":10,"column":5}},"loc":{"start":{"line":10,"column":29},"end":{"line":13,"column":5}},"line":10}},"branchMap":{},"s":{"0":3,"1":3,"2":3,"3":3,"4":3},"f":{"0":3,"1":3},"b":{},"_coverageSchema":"1a1c01bbd47fc00a2c39e90264f33305004495a9","hash":"a88296e2a3fe7e3a204cde09006147baa99c893e"}
,"C:\\Users\\Lenovo\\Documents\\Scanned Documents\\Documents\\phase2\\IP-HCK69\\server\\routers\\category.js": {"path":"C:\\Users\\Lenovo\\Documents\\Scanned Documents\\Documents\\phase2\\IP-HCK69\\server\\routers\\category.js","statementMap":{"0":{"start":{"line":1,"column":16},"end":{"line":1,"column":34}},"1":{"start":{"line":2,"column":15},"end":{"line":2,"column":31}},"2":{"start":{"line":3,"column":27},"end":{"line":3,"column":71}},"3":{"start":{"line":4,"column":20},"end":{"line":4,"column":58}},"4":{"start":{"line":6,"column":0},"end":{"line":6,"column":44}},"5":{"start":{"line":8,"column":0},"end":{"line":8,"column":22}},"6":{"start":{"line":9,"column":0},"end":{"line":9,"column":41}},"7":{"start":{"line":10,"column":0},"end":{"line":10,"column":46}},"8":{"start":{"line":11,"column":0},"end":{"line":11,"column":49}},"9":{"start":{"line":13,"column":0},"end":{"line":13,"column":24}}},"fnMap":{},"branchMap":{},"s":{"0":3,"1":3,"2":3,"3":3,"4":3,"5":3,"6":3,"7":3,"8":3,"9":3},"f":{},"b":{},"_coverageSchema":"1a1c01bbd47fc00a2c39e90264f33305004495a9","hash":"c29f9402e62914d6f2720e15ffdd9ed2aae69232"}
,"C:\\Users\\Lenovo\\Documents\\Scanned Documents\\Documents\\phase2\\IP-HCK69\\server\\routers\\index.js": {"path":"C:\\Users\\Lenovo\\Documents\\Scanned Documents\\Documents\\phase2\\IP-HCK69\\server\\routers\\index.js","statementMap":{"0":{"start":{"line":1,"column":16},"end":{"line":1,"column":34}},"1":{"start":{"line":2,"column":15},"end":{"line":2,"column":31}},"2":{"start":{"line":4,"column":14},"end":{"line":4,"column":32}},"3":{"start":{"line":5,"column":17},"end":{"line":5,"column":38}},"4":{"start":{"line":6,"column":24},"end":{"line":6,"column":65}},"5":{"start":{"line":7,"column":23},"end":{"line":7,"column":63}},"6":{"start":{"line":8,"column":27},"end":{"line":8,"column":71}},"7":{"start":{"line":9,"column":21},"end":{"line":9,"column":58}},"8":{"start":{"line":10,"column":25},"end":{"line":10,"column":64}},"9":{"start":{"line":12,"column":0},"end":{"line":14,"column":3}},"10":{"start":{"line":13,"column":1},"end":{"line":13,"column":26}},"11":{"start":{"line":16,"column":0},"end":{"line":16,"column":44}},"12":{"start":{"line":17,"column":0},"end":{"line":17,"column":57}},"13":{"start":{"line":18,"column":0},"end":{"line":18,"column":50}},"14":{"start":{"line":20,"column":0},"end":{"line":20,"column":54}},"15":{"start":{"line":21,"column":0},"end":{"line":21,"column":60}},"16":{"start":{"line":24,"column":0},"end":{"line":24,"column":26}},"17":{"start":{"line":25,"column":0},"end":{"line":25,"column":28}},"18":{"start":{"line":26,"column":0},"end":{"line":26,"column":34}},"19":{"start":{"line":28,"column":0},"end":{"line":28,"column":25}},"20":{"start":{"line":29,"column":0},"end":{"line":29,"column":24}}},"fnMap":{"0":{"name":"(anonymous_0)","decl":{"start":{"line":12,"column":16},"end":{"line":12,"column":17}},"loc":{"start":{"line":12,"column":30},"end":{"line":14,"column":1}},"line":12}},"branchMap":{},"s":{"0":3,"1":3,"2":3,"3":3,"4":3,"5":3,"6":3,"7":3,"8":3,"9":3,"10":0,"11":3,"12":3,"13":3,"14":3,"15":3,"16":3,"17":3,"18":3,"19":3,"20":3},"f":{"0":0},"b":{},"_coverageSchema":"1a1c01bbd47fc00a2c39e90264f33305004495a9","hash":"8097d88af8d116d6ebccfa95f0c28d21bb803823"}
,"C:\\Users\\Lenovo\\Documents\\Scanned Documents\\Documents\\phase2\\IP-HCK69\\server\\routers\\shoes.js": {"path":"C:\\Users\\Lenovo\\Documents\\Scanned Documents\\Documents\\phase2\\IP-HCK69\\server\\routers\\shoes.js","statementMap":{"0":{"start":{"line":1,"column":16},"end":{"line":1,"column":34}},"1":{"start":{"line":2,"column":15},"end":{"line":2,"column":31}},"2":{"start":{"line":3,"column":24},"end":{"line":3,"column":65}},"3":{"start":{"line":4,"column":20},"end":{"line":4,"column":58}},"4":{"start":{"line":5,"column":15},"end":{"line":5,"column":46}},"5":{"start":{"line":7,"column":0},"end":{"line":7,"column":41}},"6":{"start":{"line":8,"column":0},"end":{"line":8,"column":59}},"7":{"start":{"line":9,"column":0},"end":{"line":9,"column":44}},"8":{"start":{"line":11,"column":0},"end":{"line":11,"column":22}},"9":{"start":{"line":12,"column":0},"end":{"line":12,"column":62}},"10":{"start":{"line":13,"column":0},"end":{"line":13,"column":67}},"11":{"start":{"line":14,"column":0},"end":{"line":14,"column":46}},"12":{"start":{"line":16,"column":0},"end":{"line":16,"column":24}}},"fnMap":{},"branchMap":{},"s":{"0":3,"1":3,"2":3,"3":3,"4":3,"5":3,"6":3,"7":3,"8":3,"9":3,"10":3,"11":3,"12":3},"f":{},"b":{},"_coverageSchema":"1a1c01bbd47fc00a2c39e90264f33305004495a9","hash":"302e2c92a954163fb3f49844cb7ac429d8827486"}
}
