TN:
SF:app.js
FNF:0
FNH:0
DA:1,3
DA:3,3
DA:5,3
DA:6,3
DA:7,3
DA:8,3
DA:10,3
DA:11,3
DA:12,3
DA:13,3
DA:14,3
DA:16,3
LF:12
LH:12
BRDA:1,0,0,3
BRDA:1,0,1,0
BRF:2
BRH:1
end_of_record
TN:
SF:controllers\CategoryController.js
FN:5,(anonymous_0)
FN:18,(anonymous_1)
FN:30,(anonymous_2)
FN:38,(anonymous_3)
FN:50,(anonymous_4)
FNF:5
FNH:5
FNDA:1,(anonymous_0)
FNDA:1,(anonymous_1)
FNDA:2,(anonymous_2)
FNDA:2,(anonymous_3)
FNDA:2,(anonymous_4)
DA:1,3
DA:6,1
DA:7,1
DA:12,1
DA:14,0
DA:19,1
DA:20,1
DA:25,1
DA:27,0
DA:31,2
DA:32,2
DA:33,1
DA:35,1
DA:39,2
DA:40,2
DA:41,2
DA:42,2
DA:44,1
DA:45,1
DA:47,1
DA:51,2
DA:52,2
DA:53,2
DA:54,2
DA:56,1
DA:57,1
DA:59,1
DA:64,3
LF:28
LH:26
BRDA:42,0,0,1
BRDA:42,0,1,1
BRDA:54,1,0,1
BRDA:54,1,1,1
BRF:4
BRH:4
end_of_record
TN:
SF:controllers\ShoesController.js
FN:14,(anonymous_0)
FN:37,(anonymous_1)
FN:59,(anonymous_2)
FN:70,(anonymous_3)
FN:98,(anonymous_4)
FN:129,(anonymous_5)
FN:141,(anonymous_6)
FNF:7
FNH:6
FNDA:0,(anonymous_0)
FNDA:1,(anonymous_1)
FNDA:1,(anonymous_2)
FNDA:1,(anonymous_3)
FNDA:1,(anonymous_4)
FNDA:1,(anonymous_5)
FNDA:1,(anonymous_6)
DA:1,3
DA:2,3
DA:3,3
DA:4,3
DA:6,3
DA:15,0
DA:16,0
DA:17,0
DA:29,0
DA:30,0
DA:31,0
DA:33,0
DA:38,1
DA:39,1
DA:40,1
DA:52,1
DA:53,1
DA:54,1
DA:56,0
DA:60,1
DA:61,1
DA:62,1
DA:63,1
DA:65,1
DA:67,0
DA:71,1
DA:72,1
DA:73,1
DA:74,1
DA:75,0
DA:76,0
DA:78,0
DA:89,0
DA:90,0
DA:91,0
DA:95,1
DA:99,1
DA:100,1
DA:101,1
DA:102,1
DA:104,1
DA:105,1
DA:106,0
DA:107,0
DA:109,0
DA:120,0
DA:121,0
DA:122,0
DA:126,1
DA:130,1
DA:131,1
DA:132,1
DA:133,1
DA:135,1
DA:136,1
DA:138,0
DA:142,1
DA:143,1
DA:144,1
DA:146,1
DA:152,1
DA:165,1
DA:166,1
DA:168,0
DA:173,3
LF:65
LH:42
BRDA:29,0,0,0
BRDA:29,0,1,0
BRDA:52,1,0,0
BRDA:52,1,1,1
BRDA:63,2,0,0
BRDA:63,2,1,1
BRDA:74,3,0,1
BRDA:74,3,1,0
BRDA:102,4,0,0
BRDA:102,4,1,1
BRDA:105,5,0,1
BRDA:105,5,1,0
BRDA:133,6,0,0
BRDA:133,6,1,1
BRDA:144,7,0,0
BRDA:144,7,1,1
BRF:16
BRH:7
end_of_record
TN:
SF:controllers\UserController.js
FN:9,(anonymous_0)
FN:19,(anonymous_1)
FN:35,(anonymous_2)
FNF:3
FNH:3
FNDA:3,(anonymous_0)
FNDA:5,(anonymous_1)
FNDA:1,(anonymous_2)
DA:1,3
DA:2,3
DA:3,3
DA:4,3
DA:5,3
DA:10,3
DA:11,3
DA:12,3
DA:13,3
DA:15,0
DA:16,0
DA:20,5
DA:21,5
DA:22,5
DA:23,4
DA:24,3
DA:25,3
DA:26,2
DA:27,2
DA:28,0
DA:29,0
DA:30,0
DA:32,5
DA:36,1
DA:37,1
DA:38,1
DA:44,0
DA:48,0
DA:50,0
DA:52,0
DA:54,1
DA:55,1
DA:60,3
LF:33
LH:24
BRDA:22,0,0,1
BRDA:22,0,1,4
BRDA:23,1,0,1
BRDA:23,1,1,3
BRDA:25,2,0,1
BRDA:25,2,1,2
BRDA:27,3,0,2
BRDA:27,3,1,0
BRF:8
BRH:7
end_of_record
TN:
SF:helpers\bcrypt.js
FN:3,(anonymous_0)
FN:7,(anonymous_1)
FNF:2
FNH:2
FNDA:3,(anonymous_0)
FNDA:2,(anonymous_1)
DA:1,3
DA:3,3
DA:4,3
DA:7,3
DA:8,2
DA:11,3
LF:6
LH:6
BRF:0
BRH:0
end_of_record
TN:
SF:helpers\jwt.js
FN:4,(anonymous_0)
FN:8,(anonymous_1)
FNF:2
FNH:2
FNDA:3,(anonymous_0)
FNDA:16,(anonymous_1)
DA:1,3
DA:2,3
DA:4,3
DA:5,3
DA:8,3
DA:9,16
DA:12,3
LF:7
LH:7
BRF:0
BRH:0
end_of_record
TN:
SF:middleware\authentication.js
FN:4,(anonymous_0)
FNF:1
FNH:1
FNDA:25,(anonymous_0)
DA:1,3
DA:2,3
DA:4,3
DA:5,25
DA:6,25
DA:7,25
DA:8,24
DA:9,24
DA:10,16
DA:11,16
DA:12,16
DA:14,16
DA:15,16
DA:17,9
DA:21,3
LF:15
LH:15
BRDA:7,0,0,1
BRDA:7,0,1,24
BRDA:9,1,0,8
BRDA:9,1,1,16
BRDA:12,2,0,0
BRDA:12,2,1,16
BRF:6
BRH:5
end_of_record
TN:
SF:middleware\authorization.js
FN:1,(anonymous_0)
FNF:1
FNH:1
FNDA:12,(anonymous_0)
DA:1,3
DA:2,12
DA:3,12
DA:4,9
DA:6,3
DA:10,3
LF:6
LH:6
BRDA:3,0,0,3
BRDA:3,0,1,9
BRF:2
BRH:2
end_of_record
TN:
SF:middleware\errorHandler.js
FN:1,(anonymous_0)
FNF:1
FNH:1
FNDA:23,(anonymous_0)
DA:1,3
DA:2,23
DA:4,0
DA:5,0
DA:7,1
DA:8,1
DA:10,1
DA:11,1
DA:13,1
DA:14,1
DA:16,3
DA:17,3
DA:19,2
DA:20,2
DA:22,9
DA:23,9
DA:25,0
DA:26,0
DA:28,2
DA:29,2
DA:31,0
DA:32,0
DA:34,0
DA:35,0
DA:38,4
DA:39,4
DA:42,3
LF:27
LH:19
BRDA:2,0,0,0
BRDA:2,0,1,1
BRDA:2,0,2,1
BRDA:2,0,3,1
BRDA:2,0,4,3
BRDA:2,0,5,2
BRDA:2,0,6,9
BRDA:2,0,7,0
BRDA:2,0,8,2
BRDA:2,0,9,0
BRDA:2,0,10,0
BRDA:2,0,11,4
BRF:12
BRH:8
end_of_record
TN:
SF:middleware\upload.js
FNF:0
FNH:0
DA:1,3
DA:2,3
DA:6,3
LF:3
LH:3
BRF:0
BRH:0
end_of_record
TN:
SF:models\category.js
FN:3,(anonymous_0)
FN:10,(anonymous_1)
FNF:2
FNH:2
FNDA:3,(anonymous_0)
FNDA:3,(anonymous_1)
DA:2,3
DA:3,3
DA:12,3
DA:15,3
DA:35,3
LF:5
LH:5
BRF:0
BRH:0
end_of_record
TN:
SF:models\index.js
FN:21,(anonymous_0)
FN:29,(anonymous_1)
FN:34,(anonymous_2)
FNF:3
FNH:3
FNDA:12,(anonymous_0)
FNDA:9,(anonymous_1)
FNDA:9,(anonymous_2)
DA:3,3
DA:4,3
DA:5,3
DA:6,3
DA:7,3
DA:8,3
DA:9,3
DA:10,3
DA:13,3
DA:14,0
DA:16,3
DA:19,3
DA:22,12
DA:30,9
DA:31,9
DA:34,3
DA:35,9
DA:36,9
DA:40,3
DA:41,3
DA:43,3
LF:21
LH:20
BRDA:8,0,0,3
BRDA:8,0,1,0
BRDA:13,1,0,0
BRDA:13,1,1,3
BRDA:23,2,0,12
BRDA:23,2,1,12
BRDA:23,2,2,9
BRDA:23,2,3,9
BRDA:35,3,0,9
BRDA:35,3,1,0
BRF:10
BRH:7
end_of_record
TN:
SF:models\shoes.js
FN:3,(anonymous_0)
FN:10,(anonymous_1)
FNF:2
FNH:2
FNDA:3,(anonymous_0)
FNDA:3,(anonymous_1)
DA:2,3
DA:3,3
DA:12,3
DA:13,3
DA:16,3
DA:122,3
LF:6
LH:6
BRF:0
BRH:0
end_of_record
TN:
SF:models\user.js
FN:3,(anonymous_0)
FN:10,(anonymous_1)
FNF:2
FNH:2
FNDA:3,(anonymous_0)
FNDA:3,(anonymous_1)
DA:2,3
DA:3,3
DA:12,3
DA:15,3
DA:49,3
LF:5
LH:5
BRF:0
BRH:0
end_of_record
TN:
SF:routers\category.js
FNF:0
FNH:0
DA:1,3
DA:2,3
DA:3,3
DA:4,3
DA:6,3
DA:8,3
DA:9,3
DA:10,3
DA:11,3
DA:13,3
LF:10
LH:10
BRF:0
BRH:0
end_of_record
TN:
SF:routers\index.js
FN:12,(anonymous_0)
FNF:1
FNH:0
FNDA:0,(anonymous_0)
DA:1,3
DA:2,3
DA:4,3
DA:5,3
DA:6,3
DA:7,3
DA:8,3
DA:9,3
DA:10,3
DA:12,3
DA:13,0
DA:16,3
DA:17,3
DA:18,3
DA:20,3
DA:21,3
DA:24,3
DA:25,3
DA:26,3
DA:28,3
DA:29,3
LF:21
LH:20
BRF:0
BRH:0
end_of_record
TN:
SF:routers\shoes.js
FNF:0
FNH:0
DA:1,3
DA:2,3
DA:3,3
DA:4,3
DA:5,3
DA:7,3
DA:8,3
DA:9,3
DA:11,3
DA:12,3
DA:13,3
DA:14,3
DA:16,3
LF:13
LH:13
BRF:0
BRH:0
end_of_record
